<?xml version="1.0" encoding="UTF-8"?>
<coverage generated="1537323076548" clover="3.2.0">
  <project timestamp="1537323076548" name="All files">
    <metrics statements="129" coveredstatements="13" conditionals="28" coveredconditionals="1" methods="92" coveredmethods="4" elements="249" coveredelements="18" complexity="0" loc="129" ncloc="129" packages="2" files="7" classes="7">
      <package name="dist">
        <metrics statements="105" coveredstatements="0" conditionals="26" coveredconditionals="0" methods="80" coveredmethods="0"/>
        <file name="bundle.js" path="/Users/katiemcculloch/hrla24/FEC/dist/bundle.js">
          <metrics statements="105" coveredstatements="0" conditionals="26" coveredconditionals="0" methods="80" coveredmethods="0"/>
          <line num="1" count="0" type="stmt"/>
          <line num="3" count="0" type="stmt"/>
          <line num="9" count="0" type="cond" truecount="0" falsecount="2"/>
          <line num="10" count="0" type="stmt"/>
          <line num="13" count="0" type="stmt"/>
          <line num="20" count="0" type="stmt"/>
          <line num="23" count="0" type="stmt"/>
          <line num="26" count="0" type="stmt"/>
          <line num="31" count="0" type="stmt"/>
          <line num="34" count="0" type="stmt"/>
          <line num="37" count="0" type="stmt"/>
          <line num="38" count="0" type="cond" truecount="0" falsecount="2"/>
          <line num="39" count="0" type="stmt"/>
          <line num="44" count="0" type="stmt"/>
          <line num="45" count="0" type="cond" truecount="0" falsecount="4"/>
          <line num="46" count="0" type="stmt"/>
          <line num="48" count="0" type="stmt"/>
          <line num="56" count="0" type="stmt"/>
          <line num="57" count="0" type="cond" truecount="0" falsecount="2"/>
          <line num="58" count="0" type="cond" truecount="0" falsecount="2"/>
          <line num="59" count="0" type="cond" truecount="0" falsecount="6"/>
          <line num="60" count="0" type="stmt"/>
          <line num="61" count="0" type="stmt"/>
          <line num="62" count="0" type="stmt"/>
          <line num="63" count="0" type="cond" truecount="0" falsecount="4"/>
          <line num="64" count="0" type="stmt"/>
          <line num="68" count="0" type="stmt"/>
          <line num="69" count="0" type="cond" truecount="0" falsecount="2"/>
          <line num="70" count="0" type="cond" truecount="0" falsecount="2"/>
          <line num="71" count="0" type="stmt"/>
          <line num="72" count="0" type="stmt"/>
          <line num="73" count="0" type="stmt"/>
          <line num="77" count="0" type="stmt"/>
          <line num="80" count="0" type="stmt"/>
          <line num="84" count="0" type="stmt"/>
          <line num="96" count="0" type="stmt"/>
          <line num="108" count="0" type="stmt"/>
          <line num="120" count="0" type="stmt"/>
          <line num="132" count="0" type="stmt"/>
          <line num="144" count="0" type="stmt"/>
          <line num="156" count="0" type="stmt"/>
          <line num="168" count="0" type="stmt"/>
          <line num="180" count="0" type="stmt"/>
          <line num="192" count="0" type="stmt"/>
          <line num="204" count="0" type="stmt"/>
          <line num="216" count="0" type="stmt"/>
          <line num="228" count="0" type="stmt"/>
          <line num="240" count="0" type="stmt"/>
          <line num="252" count="0" type="stmt"/>
          <line num="264" count="0" type="stmt"/>
          <line num="276" count="0" type="stmt"/>
          <line num="288" count="0" type="stmt"/>
          <line num="300" count="0" type="stmt"/>
          <line num="312" count="0" type="stmt"/>
          <line num="324" count="0" type="stmt"/>
          <line num="336" count="0" type="stmt"/>
          <line num="348" count="0" type="stmt"/>
          <line num="360" count="0" type="stmt"/>
          <line num="372" count="0" type="stmt"/>
          <line num="384" count="0" type="stmt"/>
          <line num="395" count="0" type="stmt"/>
          <line num="406" count="0" type="stmt"/>
          <line num="417" count="0" type="stmt"/>
          <line num="428" count="0" type="stmt"/>
          <line num="439" count="0" type="stmt"/>
          <line num="450" count="0" type="stmt"/>
          <line num="461" count="0" type="stmt"/>
          <line num="473" count="0" type="stmt"/>
          <line num="485" count="0" type="stmt"/>
          <line num="497" count="0" type="stmt"/>
          <line num="509" count="0" type="stmt"/>
          <line num="521" count="0" type="stmt"/>
          <line num="533" count="0" type="stmt"/>
          <line num="545" count="0" type="stmt"/>
          <line num="557" count="0" type="stmt"/>
          <line num="569" count="0" type="stmt"/>
          <line num="581" count="0" type="stmt"/>
          <line num="593" count="0" type="stmt"/>
          <line num="605" count="0" type="stmt"/>
          <line num="617" count="0" type="stmt"/>
          <line num="629" count="0" type="stmt"/>
          <line num="640" count="0" type="stmt"/>
          <line num="652" count="0" type="stmt"/>
          <line num="663" count="0" type="stmt"/>
          <line num="675" count="0" type="stmt"/>
          <line num="687" count="0" type="stmt"/>
          <line num="699" count="0" type="stmt"/>
          <line num="711" count="0" type="stmt"/>
          <line num="723" count="0" type="stmt"/>
          <line num="735" count="0" type="stmt"/>
          <line num="746" count="0" type="stmt"/>
          <line num="757" count="0" type="stmt"/>
          <line num="769" count="0" type="stmt"/>
          <line num="781" count="0" type="stmt"/>
          <line num="793" count="0" type="stmt"/>
          <line num="805" count="0" type="stmt"/>
          <line num="817" count="0" type="stmt"/>
          <line num="829" count="0" type="stmt"/>
          <line num="841" count="0" type="stmt"/>
          <line num="852" count="0" type="stmt"/>
          <line num="863" count="0" type="stmt"/>
          <line num="874" count="0" type="stmt"/>
          <line num="885" count="0" type="stmt"/>
          <line num="896" count="0" type="stmt"/>
          <line num="907" count="0" type="stmt"/>
        </file>
      </package>
      <package name="src.components">
        <metrics statements="24" coveredstatements="13" conditionals="2" coveredconditionals="1" methods="12" coveredmethods="4"/>
        <file name="App.jsx" path="/Users/katiemcculloch/hrla24/FEC/src/components/App.jsx">
          <metrics statements="13" coveredstatements="8" conditionals="2" coveredconditionals="1" methods="6" coveredmethods="4"/>
          <line num="12" count="2" type="stmt"/>
          <line num="13" count="2" type="stmt"/>
          <line num="16" count="2" type="stmt"/>
          <line num="19" count="2" type="stmt"/>
          <line num="23" count="2" type="stmt"/>
          <line num="24" count="2" type="stmt"/>
          <line num="27" count="0" type="stmt"/>
          <line num="28" count="0" type="stmt"/>
          <line num="31" count="0" type="stmt"/>
          <line num="34" count="0" type="stmt"/>
          <line num="39" count="2" type="cond" truecount="1" falsecount="1"/>
          <line num="40" count="0" type="stmt"/>
          <line num="52" count="2" type="stmt"/>
        </file>
        <file name="BottomTextArea.jsx" path="/Users/katiemcculloch/hrla24/FEC/src/components/BottomTextArea.jsx">
          <metrics statements="3" coveredstatements="1" conditionals="0" coveredconditionals="0" methods="2" coveredmethods="0"/>
          <line num="4" count="1" type="stmt"/>
          <line num="5" count="0" type="stmt"/>
          <line num="28" count="0" type="stmt"/>
        </file>
        <file name="Heading.jsx" path="/Users/katiemcculloch/hrla24/FEC/src/components/Heading.jsx">
          <metrics statements="2" coveredstatements="1" conditionals="0" coveredconditionals="0" methods="1" coveredmethods="0"/>
          <line num="4" count="1" type="stmt"/>
          <line num="5" count="0" type="stmt"/>
        </file>
        <file name="HowToWatch.jsx" path="/Users/katiemcculloch/hrla24/FEC/src/components/HowToWatch.jsx">
          <metrics statements="2" coveredstatements="1" conditionals="0" coveredconditionals="0" methods="1" coveredmethods="0"/>
          <line num="4" count="1" type="stmt"/>
          <line num="5" count="0" type="stmt"/>
        </file>
        <file name="MovieImages.jsx" path="/Users/katiemcculloch/hrla24/FEC/src/components/MovieImages.jsx">
          <metrics statements="2" coveredstatements="1" conditionals="0" coveredconditionals="0" methods="1" coveredmethods="0"/>
          <line num="4" count="1" type="stmt"/>
          <line num="5" count="0" type="stmt"/>
        </file>
        <file name="TopHyperlinkBar.jsx" path="/Users/katiemcculloch/hrla24/FEC/src/components/TopHyperlinkBar.jsx">
          <metrics statements="2" coveredstatements="1" conditionals="0" coveredconditionals="0" methods="1" coveredmethods="0"/>
          <line num="4" count="1" type="stmt"/>
          <line num="5" count="0" type="stmt"/>
        </file>
      </package>
    </metrics>
  </project>
</coverage>
