{"/Users/katiemcculloch/hrla24/FEC/dist/bundle.js": {"path":"/Users/katiemcculloch/hrla24/FEC/dist/bundle.js","statementMap":{"0":{"start":{"line":1,"column":9},"end":{"line":null,"column":-1}},"1":{"start":{"line":3,"column":33},"end":{"line":3,"column":10}},"2":{"start":{"line":9,"column":11},"end":{"line":11,"column":12}},"3":{"start":{"line":10,"column":12},"end":{"line":null,"column":-1}},"4":{"start":{"line":13,"column":24},"end":{"line":13,"column":11}},"5":{"start":{"line":20,"column":11},"end":{"line":null,"column":-1}},"6":{"start":{"line":23,"column":11},"end":{"line":null,"column":-1}},"7":{"start":{"line":26,"column":11},"end":{"line":null,"column":-1}},"8":{"start":{"line":31,"column":10},"end":{"line":null,"column":-1}},"9":{"start":{"line":34,"column":10},"end":{"line":null,"column":-1}},"10":{"start":{"line":37,"column":10},"end":{"line":null,"column":-1}},"11":{"start":{"line":38,"column":11},"end":{"line":40,"column":12}},"12":{"start":{"line":39,"column":12},"end":{"line":null,"column":-1}},"13":{"start":{"line":44,"column":10},"end":{"line":null,"column":-1}},"14":{"start":{"line":45,"column":11},"end":{"line":47,"column":12}},"15":{"start":{"line":46,"column":12},"end":{"line":null,"column":-1}},"16":{"start":{"line":48,"column":11},"end":{"line":null,"column":-1}},"17":{"start":{"line":56,"column":10},"end":{"line":null,"column":-1}},"18":{"start":{"line":57,"column":11},"end":{"line":57,"column":24}},"19":{"start":{"line":57,"column":24},"end":{"line":null,"column":-1}},"20":{"start":{"line":58,"column":11},"end":{"line":58,"column":24}},"21":{"start":{"line":58,"column":24},"end":{"line":null,"column":-1}},"22":{"start":{"line":59,"column":11},"end":{"line":59,"column":84}},"23":{"start":{"line":59,"column":84},"end":{"line":null,"column":-1}},"24":{"start":{"line":60,"column":20},"end":{"line":60,"column":11}},"25":{"start":{"line":61,"column":11},"end":{"line":null,"column":-1}},"26":{"start":{"line":62,"column":11},"end":{"line":null,"column":-1}},"27":{"start":{"line":63,"column":11},"end":{"line":63,"column":52}},"28":{"start":{"line":63,"column":52},"end":{"line":null,"column":-1}},"29":{"start":{"line":63,"column":74},"end":{"line":null,"column":-1}},"30":{"start":{"line":63,"column":121},"end":{"line":null,"column":-1}},"31":{"start":{"line":64,"column":11},"end":{"line":null,"column":-1}},"32":{"start":{"line":68,"column":10},"end":{"line":null,"column":-1}},"33":{"start":{"line":69,"column":24},"end":{"line":69,"column":11}},"34":{"start":{"line":70,"column":36},"end":{"line":null,"column":-1}},"35":{"start":{"line":71,"column":42},"end":{"line":null,"column":-1}},"36":{"start":{"line":72,"column":11},"end":{"line":null,"column":-1}},"37":{"start":{"line":73,"column":11},"end":{"line":null,"column":-1}},"38":{"start":{"line":77,"column":10},"end":{"line":null,"column":-1}},"39":{"start":{"line":77,"column":63},"end":{"line":null,"column":-1}},"40":{"start":{"line":80,"column":10},"end":{"line":null,"column":-1}},"41":{"start":{"line":84,"column":10},"end":{"line":null,"column":-1}},"42":{"start":{"line":96,"column":0},"end":{"line":null,"column":-1}},"43":{"start":{"line":108,"column":0},"end":{"line":null,"column":-1}},"44":{"start":{"line":120,"column":0},"end":{"line":null,"column":-1}},"45":{"start":{"line":132,"column":0},"end":{"line":null,"column":-1}},"46":{"start":{"line":144,"column":0},"end":{"line":null,"column":-1}},"47":{"start":{"line":156,"column":0},"end":{"line":null,"column":-1}},"48":{"start":{"line":168,"column":0},"end":{"line":null,"column":-1}},"49":{"start":{"line":180,"column":0},"end":{"line":null,"column":-1}},"50":{"start":{"line":192,"column":0},"end":{"line":null,"column":-1}},"51":{"start":{"line":204,"column":0},"end":{"line":null,"column":-1}},"52":{"start":{"line":216,"column":0},"end":{"line":null,"column":-1}},"53":{"start":{"line":228,"column":0},"end":{"line":null,"column":-1}},"54":{"start":{"line":240,"column":0},"end":{"line":null,"column":-1}},"55":{"start":{"line":252,"column":0},"end":{"line":null,"column":-1}},"56":{"start":{"line":264,"column":0},"end":{"line":null,"column":-1}},"57":{"start":{"line":276,"column":0},"end":{"line":null,"column":-1}},"58":{"start":{"line":288,"column":0},"end":{"line":null,"column":-1}},"59":{"start":{"line":300,"column":0},"end":{"line":null,"column":-1}},"60":{"start":{"line":312,"column":0},"end":{"line":null,"column":-1}},"61":{"start":{"line":324,"column":0},"end":{"line":null,"column":-1}},"62":{"start":{"line":336,"column":0},"end":{"line":null,"column":-1}},"63":{"start":{"line":348,"column":0},"end":{"line":null,"column":-1}},"64":{"start":{"line":360,"column":0},"end":{"line":null,"column":-1}},"65":{"start":{"line":372,"column":0},"end":{"line":null,"column":-1}},"66":{"start":{"line":384,"column":0},"end":{"line":null,"column":-1}},"67":{"start":{"line":395,"column":0},"end":{"line":null,"column":-1}},"68":{"start":{"line":406,"column":0},"end":{"line":null,"column":-1}},"69":{"start":{"line":417,"column":0},"end":{"line":null,"column":-1}},"70":{"start":{"line":428,"column":0},"end":{"line":null,"column":-1}},"71":{"start":{"line":439,"column":0},"end":{"line":null,"column":-1}},"72":{"start":{"line":450,"column":0},"end":{"line":null,"column":-1}},"73":{"start":{"line":461,"column":0},"end":{"line":null,"column":-1}},"74":{"start":{"line":473,"column":0},"end":{"line":null,"column":-1}},"75":{"start":{"line":485,"column":0},"end":{"line":null,"column":-1}},"76":{"start":{"line":497,"column":0},"end":{"line":null,"column":-1}},"77":{"start":{"line":509,"column":0},"end":{"line":null,"column":-1}},"78":{"start":{"line":521,"column":0},"end":{"line":null,"column":-1}},"79":{"start":{"line":533,"column":0},"end":{"line":null,"column":-1}},"80":{"start":{"line":545,"column":0},"end":{"line":null,"column":-1}},"81":{"start":{"line":557,"column":0},"end":{"line":null,"column":-1}},"82":{"start":{"line":569,"column":0},"end":{"line":null,"column":-1}},"83":{"start":{"line":581,"column":0},"end":{"line":null,"column":-1}},"84":{"start":{"line":593,"column":0},"end":{"line":null,"column":-1}},"85":{"start":{"line":605,"column":0},"end":{"line":null,"column":-1}},"86":{"start":{"line":617,"column":0},"end":{"line":null,"column":-1}},"87":{"start":{"line":629,"column":0},"end":{"line":null,"column":-1}},"88":{"start":{"line":640,"column":0},"end":{"line":null,"column":-1}},"89":{"start":{"line":652,"column":0},"end":{"line":null,"column":-1}},"90":{"start":{"line":663,"column":0},"end":{"line":null,"column":-1}},"91":{"start":{"line":675,"column":0},"end":{"line":null,"column":-1}},"92":{"start":{"line":687,"column":0},"end":{"line":null,"column":-1}},"93":{"start":{"line":699,"column":0},"end":{"line":null,"column":-1}},"94":{"start":{"line":711,"column":0},"end":{"line":null,"column":-1}},"95":{"start":{"line":723,"column":0},"end":{"line":null,"column":-1}},"96":{"start":{"line":735,"column":0},"end":{"line":null,"column":-1}},"97":{"start":{"line":746,"column":0},"end":{"line":null,"column":-1}},"98":{"start":{"line":757,"column":0},"end":{"line":null,"column":-1}},"99":{"start":{"line":769,"column":0},"end":{"line":null,"column":-1}},"100":{"start":{"line":781,"column":0},"end":{"line":null,"column":-1}},"101":{"start":{"line":793,"column":0},"end":{"line":null,"column":-1}},"102":{"start":{"line":805,"column":0},"end":{"line":null,"column":-1}},"103":{"start":{"line":817,"column":0},"end":{"line":null,"column":-1}},"104":{"start":{"line":829,"column":0},"end":{"line":null,"column":-1}},"105":{"start":{"line":841,"column":0},"end":{"line":null,"column":-1}},"106":{"start":{"line":852,"column":0},"end":{"line":null,"column":-1}},"107":{"start":{"line":863,"column":0},"end":{"line":null,"column":-1}},"108":{"start":{"line":874,"column":0},"end":{"line":null,"column":-1}},"109":{"start":{"line":885,"column":0},"end":{"line":null,"column":-1}},"110":{"start":{"line":896,"column":0},"end":{"line":null,"column":-1}},"111":{"start":{"line":907,"column":0},"end":{"line":null,"column":-1}}},"fnMap":{"0":{"name":"(anonymous_3)","decl":{"start":{"line":1,"column":10},"end":{"line":1,"column":18}},"loc":{"start":{"line":1,"column":28},"end":{"line":1,"column":9}}},"1":{"name":"__webpack_require__","decl":{"start":{"line":6,"column":19},"end":{"line":6,"column":10}},"loc":{"start":{"line":6,"column":49},"end":{"line":27,"column":11}}},"2":{"name":"(anonymous_5)","decl":{"start":{"line":37,"column":34},"end":{"line":37,"column":42}},"loc":{"start":{"line":37,"column":66},"end":{"line":37,"column":10}}},"3":{"name":"(anonymous_6)","decl":{"start":{"line":44,"column":34},"end":{"line":44,"column":42}},"loc":{"start":{"line":44,"column":52},"end":{"line":44,"column":10}}},"4":{"name":"(anonymous_7)","decl":{"start":{"line":56,"column":34},"end":{"line":56,"column":42}},"loc":{"start":{"line":56,"column":56},"end":{"line":56,"column":10}}},"5":{"name":"(anonymous_8)","decl":{"start":{"line":63,"column":105},"end":{"line":63,"column":113}},"loc":{"start":{"line":63,"column":119},"end":{"line":63,"column":105}}},"6":{"name":"(anonymous_9)","decl":{"start":{"line":68,"column":34},"end":{"line":68,"column":42}},"loc":{"start":{"line":68,"column":51},"end":{"line":68,"column":10}}},"7":{"name":"getDefault","decl":{"start":{"line":70,"column":21},"end":{"line":70,"column":12}},"loc":{"start":{"line":70,"column":34},"end":{"line":69,"column":24}}},"8":{"name":"getModuleExports","decl":{"start":{"line":71,"column":21},"end":{"line":71,"column":12}},"loc":{"start":{"line":71,"column":40},"end":{"line":69,"column":11}}},"9":{"name":"(anonymous_12)","decl":{"start":{"line":77,"column":34},"end":{"line":77,"column":42}},"loc":{"start":{"line":77,"column":61},"end":{"line":77,"column":10}}},"10":{"name":"node_modulesAxiosIndexJs","decl":{"start":{"line":94,"column":7},"end":{"line":94,"column":15}},"loc":{"start":{"line":94,"column":54},"end":{"line":87,"column":10}}},"11":{"name":"node_modulesAxiosLibAdaptersXhrJs","decl":{"start":{"line":105,"column":7},"end":{"line":105,"column":15}},"loc":{"start":{"line":105,"column":54},"end":{"line":87,"column":10}}},"12":{"name":"node_modulesAxiosLibAxiosJs","decl":{"start":{"line":117,"column":7},"end":{"line":117,"column":15}},"loc":{"start":{"line":117,"column":54},"end":{"line":87,"column":10}}},"13":{"name":"node_modulesAxiosLibCancelCancelJs","decl":{"start":{"line":129,"column":7},"end":{"line":129,"column":15}},"loc":{"start":{"line":129,"column":54},"end":{"line":87,"column":10}}},"14":{"name":"node_modulesAxiosLibCancelCancelTokenJs","decl":{"start":{"line":141,"column":7},"end":{"line":141,"column":15}},"loc":{"start":{"line":141,"column":54},"end":{"line":87,"column":10}}},"15":{"name":"node_modulesAxiosLibCancelIsCancelJs","decl":{"start":{"line":153,"column":7},"end":{"line":153,"column":15}},"loc":{"start":{"line":153,"column":54},"end":{"line":87,"column":10}}},"16":{"name":"node_modulesAxiosLibCoreAxiosJs","decl":{"start":{"line":165,"column":7},"end":{"line":165,"column":15}},"loc":{"start":{"line":165,"column":54},"end":{"line":87,"column":10}}},"17":{"name":"node_modulesAxiosLibCoreInterceptorManagerJs","decl":{"start":{"line":177,"column":7},"end":{"line":177,"column":15}},"loc":{"start":{"line":177,"column":54},"end":{"line":87,"column":10}}},"18":{"name":"node_modulesAxiosLibCoreCreateErrorJs","decl":{"start":{"line":189,"column":7},"end":{"line":189,"column":15}},"loc":{"start":{"line":189,"column":54},"end":{"line":87,"column":10}}},"19":{"name":"node_modulesAxiosLibCoreDispatchRequestJs","decl":{"start":{"line":201,"column":7},"end":{"line":201,"column":15}},"loc":{"start":{"line":201,"column":54},"end":{"line":87,"column":10}}},"20":{"name":"node_modulesAxiosLibCoreEnhanceErrorJs","decl":{"start":{"line":213,"column":7},"end":{"line":213,"column":15}},"loc":{"start":{"line":213,"column":54},"end":{"line":87,"column":10}}},"21":{"name":"node_modulesAxiosLibCoreSettleJs","decl":{"start":{"line":225,"column":7},"end":{"line":225,"column":15}},"loc":{"start":{"line":225,"column":54},"end":{"line":87,"column":10}}},"22":{"name":"node_modulesAxiosLibCoreTransformDataJs","decl":{"start":{"line":237,"column":7},"end":{"line":237,"column":15}},"loc":{"start":{"line":237,"column":54},"end":{"line":87,"column":10}}},"23":{"name":"node_modulesAxiosLibDefaultsJs","decl":{"start":{"line":249,"column":7},"end":{"line":249,"column":15}},"loc":{"start":{"line":249,"column":54},"end":{"line":87,"column":10}}},"24":{"name":"node_modulesAxiosLibHelpersBindJs","decl":{"start":{"line":261,"column":7},"end":{"line":261,"column":15}},"loc":{"start":{"line":261,"column":54},"end":{"line":87,"column":10}}},"25":{"name":"node_modulesAxiosLibHelpersBtoaJs","decl":{"start":{"line":273,"column":7},"end":{"line":273,"column":15}},"loc":{"start":{"line":273,"column":54},"end":{"line":87,"column":10}}},"26":{"name":"node_modulesAxiosLibHelpersBuildURLJs","decl":{"start":{"line":285,"column":7},"end":{"line":285,"column":15}},"loc":{"start":{"line":285,"column":54},"end":{"line":87,"column":10}}},"27":{"name":"node_modulesAxiosLibHelpersCombineURLsJs","decl":{"start":{"line":297,"column":7},"end":{"line":297,"column":15}},"loc":{"start":{"line":297,"column":54},"end":{"line":87,"column":10}}},"28":{"name":"node_modulesAxiosLibHelpersCookiesJs","decl":{"start":{"line":309,"column":7},"end":{"line":309,"column":15}},"loc":{"start":{"line":309,"column":54},"end":{"line":87,"column":10}}},"29":{"name":"node_modulesAxiosLibHelpersIsAbsoluteURLJs","decl":{"start":{"line":321,"column":7},"end":{"line":321,"column":15}},"loc":{"start":{"line":321,"column":54},"end":{"line":87,"column":10}}},"30":{"name":"node_modulesAxiosLibHelpersIsURLSameOriginJs","decl":{"start":{"line":333,"column":7},"end":{"line":333,"column":15}},"loc":{"start":{"line":333,"column":54},"end":{"line":87,"column":10}}},"31":{"name":"node_modulesAxiosLibHelpersNormalizeHeaderNameJs","decl":{"start":{"line":345,"column":7},"end":{"line":345,"column":15}},"loc":{"start":{"line":345,"column":54},"end":{"line":87,"column":10}}},"32":{"name":"node_modulesAxiosLibHelpersParseHeadersJs","decl":{"start":{"line":357,"column":7},"end":{"line":357,"column":15}},"loc":{"start":{"line":357,"column":54},"end":{"line":87,"column":10}}},"33":{"name":"node_modulesAxiosLibHelpersSpreadJs","decl":{"start":{"line":369,"column":7},"end":{"line":369,"column":15}},"loc":{"start":{"line":369,"column":54},"end":{"line":87,"column":10}}},"34":{"name":"node_modulesAxiosLibUtilsJs","decl":{"start":{"line":381,"column":7},"end":{"line":381,"column":15}},"loc":{"start":{"line":381,"column":54},"end":{"line":87,"column":10}}},"35":{"name":"node_modulesCssLoaderIndexJsModulesImportLoaders1LocalIdentNameName__Local___HashBase645SrcStylesBottomTextAreaCss","decl":{"start":{"line":393,"column":7},"end":{"line":393,"column":15}},"loc":{"start":{"line":393,"column":54},"end":{"line":87,"column":10}}},"36":{"name":"node_modulesCssLoaderIndexJsModulesImportLoaders1LocalIdentNameName__Local___HashBase645SrcStylesHeadingCss","decl":{"start":{"line":404,"column":7},"end":{"line":404,"column":15}},"loc":{"start":{"line":404,"column":54},"end":{"line":87,"column":10}}},"37":{"name":"node_modulesCssLoaderIndexJsModulesImportLoaders1LocalIdentNameName__Local___HashBase645SrcStylesHowToWatchCss","decl":{"start":{"line":415,"column":7},"end":{"line":415,"column":15}},"loc":{"start":{"line":415,"column":54},"end":{"line":87,"column":10}}},"38":{"name":"node_modulesCssLoaderIndexJsModulesImportLoaders1LocalIdentNameName__Local___HashBase645SrcStylesMovieImagesCss","decl":{"start":{"line":426,"column":7},"end":{"line":426,"column":15}},"loc":{"start":{"line":426,"column":54},"end":{"line":87,"column":10}}},"39":{"name":"node_modulesCssLoaderIndexJsModulesImportLoaders1LocalIdentNameName__Local___HashBase645SrcStylesStylesCss","decl":{"start":{"line":437,"column":7},"end":{"line":437,"column":15}},"loc":{"start":{"line":437,"column":54},"end":{"line":87,"column":10}}},"40":{"name":"node_modulesCssLoaderIndexJsModulesImportLoaders1LocalIdentNameName__Local___HashBase645SrcStylesTopHyperlinkBarCss","decl":{"start":{"line":448,"column":7},"end":{"line":448,"column":15}},"loc":{"start":{"line":448,"column":54},"end":{"line":87,"column":10}}},"41":{"name":"node_modulesCssLoaderLibCssBaseJs","decl":{"start":{"line":459,"column":7},"end":{"line":459,"column":15}},"loc":{"start":{"line":459,"column":33},"end":{"line":87,"column":10}}},"42":{"name":"node_modulesFbjsLibExecutionEnvironmentJs","decl":{"start":{"line":470,"column":7},"end":{"line":470,"column":15}},"loc":{"start":{"line":470,"column":54},"end":{"line":87,"column":10}}},"43":{"name":"node_modulesFbjsLibCamelizeJs","decl":{"start":{"line":482,"column":7},"end":{"line":482,"column":15}},"loc":{"start":{"line":482,"column":54},"end":{"line":87,"column":10}}},"44":{"name":"node_modulesFbjsLibCamelizeStyleNameJs","decl":{"start":{"line":494,"column":7},"end":{"line":494,"column":15}},"loc":{"start":{"line":494,"column":54},"end":{"line":87,"column":10}}},"45":{"name":"node_modulesFbjsLibContainsNodeJs","decl":{"start":{"line":506,"column":7},"end":{"line":506,"column":15}},"loc":{"start":{"line":506,"column":54},"end":{"line":87,"column":10}}},"46":{"name":"node_modulesFbjsLibEmptyFunctionJs","decl":{"start":{"line":518,"column":7},"end":{"line":518,"column":15}},"loc":{"start":{"line":518,"column":54},"end":{"line":87,"column":10}}},"47":{"name":"node_modulesFbjsLibEmptyObjectJs","decl":{"start":{"line":530,"column":7},"end":{"line":530,"column":15}},"loc":{"start":{"line":530,"column":54},"end":{"line":87,"column":10}}},"48":{"name":"node_modulesFbjsLibGetActiveElementJs","decl":{"start":{"line":542,"column":7},"end":{"line":542,"column":15}},"loc":{"start":{"line":542,"column":54},"end":{"line":87,"column":10}}},"49":{"name":"node_modulesFbjsLibHyphenateJs","decl":{"start":{"line":554,"column":7},"end":{"line":554,"column":15}},"loc":{"start":{"line":554,"column":54},"end":{"line":87,"column":10}}},"50":{"name":"node_modulesFbjsLibHyphenateStyleNameJs","decl":{"start":{"line":566,"column":7},"end":{"line":566,"column":15}},"loc":{"start":{"line":566,"column":54},"end":{"line":87,"column":10}}},"51":{"name":"node_modulesFbjsLibInvariantJs","decl":{"start":{"line":578,"column":7},"end":{"line":578,"column":15}},"loc":{"start":{"line":578,"column":54},"end":{"line":87,"column":10}}},"52":{"name":"node_modulesFbjsLibIsNodeJs","decl":{"start":{"line":590,"column":7},"end":{"line":590,"column":15}},"loc":{"start":{"line":590,"column":54},"end":{"line":87,"column":10}}},"53":{"name":"node_modulesFbjsLibIsTextNodeJs","decl":{"start":{"line":602,"column":7},"end":{"line":602,"column":15}},"loc":{"start":{"line":602,"column":54},"end":{"line":87,"column":10}}},"54":{"name":"node_modulesFbjsLibShallowEqualJs","decl":{"start":{"line":614,"column":7},"end":{"line":614,"column":15}},"loc":{"start":{"line":614,"column":54},"end":{"line":87,"column":10}}},"55":{"name":"node_modulesFbjsLibWarningJs","decl":{"start":{"line":626,"column":7},"end":{"line":626,"column":15}},"loc":{"start":{"line":626,"column":54},"end":{"line":87,"column":10}}},"56":{"name":"node_modulesIsBufferIndexJs","decl":{"start":{"line":638,"column":7},"end":{"line":638,"column":15}},"loc":{"start":{"line":638,"column":33},"end":{"line":87,"column":10}}},"57":{"name":"node_modulesObjectAssignIndexJs","decl":{"start":{"line":649,"column":7},"end":{"line":649,"column":15}},"loc":{"start":{"line":649,"column":54},"end":{"line":87,"column":10}}},"58":{"name":"node_modulesProcessBrowserJs","decl":{"start":{"line":661,"column":7},"end":{"line":661,"column":15}},"loc":{"start":{"line":661,"column":33},"end":{"line":87,"column":10}}},"59":{"name":"node_modulesPropTypesCheckPropTypesJs","decl":{"start":{"line":672,"column":7},"end":{"line":672,"column":15}},"loc":{"start":{"line":672,"column":54},"end":{"line":87,"column":10}}},"60":{"name":"node_modulesPropTypesLibReactPropTypesSecretJs","decl":{"start":{"line":684,"column":7},"end":{"line":684,"column":15}},"loc":{"start":{"line":684,"column":54},"end":{"line":87,"column":10}}},"61":{"name":"node_modulesReactDomCjsReactDomDevelopmentJs","decl":{"start":{"line":696,"column":7},"end":{"line":696,"column":15}},"loc":{"start":{"line":696,"column":54},"end":{"line":87,"column":10}}},"62":{"name":"node_modulesReactDomIndexJs","decl":{"start":{"line":708,"column":7},"end":{"line":708,"column":15}},"loc":{"start":{"line":708,"column":54},"end":{"line":87,"column":10}}},"63":{"name":"node_modulesReactCjsReactDevelopmentJs","decl":{"start":{"line":720,"column":7},"end":{"line":720,"column":15}},"loc":{"start":{"line":720,"column":54},"end":{"line":87,"column":10}}},"64":{"name":"node_modulesReactIndexJs","decl":{"start":{"line":732,"column":7},"end":{"line":732,"column":15}},"loc":{"start":{"line":732,"column":54},"end":{"line":87,"column":10}}},"65":{"name":"node_modulesStyleLoaderLibAddStylesJs","decl":{"start":{"line":744,"column":7},"end":{"line":744,"column":15}},"loc":{"start":{"line":744,"column":54},"end":{"line":87,"column":10}}},"66":{"name":"node_modulesStyleLoaderLibUrlsJs","decl":{"start":{"line":755,"column":7},"end":{"line":755,"column":15}},"loc":{"start":{"line":755,"column":33},"end":{"line":87,"column":10}}},"67":{"name":"srcComponentsAppJsx","decl":{"start":{"line":766,"column":7},"end":{"line":766,"column":15}},"loc":{"start":{"line":766,"column":66},"end":{"line":87,"column":10}}},"68":{"name":"srcComponentsBottomTextAreaJsx","decl":{"start":{"line":778,"column":7},"end":{"line":778,"column":15}},"loc":{"start":{"line":778,"column":66},"end":{"line":87,"column":10}}},"69":{"name":"srcComponentsHeadingJsx","decl":{"start":{"line":790,"column":7},"end":{"line":790,"column":15}},"loc":{"start":{"line":790,"column":66},"end":{"line":87,"column":10}}},"70":{"name":"srcComponentsHowToWatchJsx","decl":{"start":{"line":802,"column":7},"end":{"line":802,"column":15}},"loc":{"start":{"line":802,"column":66},"end":{"line":87,"column":10}}},"71":{"name":"srcComponentsMovieImagesJsx","decl":{"start":{"line":814,"column":7},"end":{"line":814,"column":15}},"loc":{"start":{"line":814,"column":66},"end":{"line":87,"column":10}}},"72":{"name":"srcComponentsTopHyperlinkBarJsx","decl":{"start":{"line":826,"column":7},"end":{"line":826,"column":15}},"loc":{"start":{"line":826,"column":66},"end":{"line":87,"column":10}}},"73":{"name":"srcIndexJsx","decl":{"start":{"line":838,"column":7},"end":{"line":838,"column":15}},"loc":{"start":{"line":838,"column":66},"end":{"line":87,"column":10}}},"74":{"name":"srcStylesBottomTextAreaCss","decl":{"start":{"line":850,"column":7},"end":{"line":850,"column":15}},"loc":{"start":{"line":850,"column":54},"end":{"line":87,"column":10}}},"75":{"name":"srcStylesHeadingCss","decl":{"start":{"line":861,"column":7},"end":{"line":861,"column":15}},"loc":{"start":{"line":861,"column":54},"end":{"line":87,"column":10}}},"76":{"name":"srcStylesHowToWatchCss","decl":{"start":{"line":872,"column":7},"end":{"line":872,"column":15}},"loc":{"start":{"line":872,"column":54},"end":{"line":87,"column":10}}},"77":{"name":"srcStylesMovieImagesCss","decl":{"start":{"line":883,"column":7},"end":{"line":883,"column":15}},"loc":{"start":{"line":883,"column":54},"end":{"line":87,"column":10}}},"78":{"name":"srcStylesStylesCss","decl":{"start":{"line":894,"column":7},"end":{"line":894,"column":15}},"loc":{"start":{"line":894,"column":54},"end":{"line":87,"column":10}}},"79":{"name":"srcStylesTopHyperlinkBarCss","decl":{"start":{"line":905,"column":7},"end":{"line":905,"column":15}},"loc":{"start":{"line":905,"column":54},"end":{"line":909,"column":7}}}},"branchMap":{"0":{"loc":{"start":{"line":9,"column":11},"end":{"line":11,"column":12}},"type":"if","locations":[{"start":{"line":9,"column":11},"end":{"line":11,"column":12}},{"start":{"line":9,"column":11},"end":{"line":11,"column":12}}]},"1":{"loc":{"start":{"line":38,"column":11},"end":{"line":40,"column":12}},"type":"if","locations":[{"start":{"line":38,"column":11},"end":{"line":40,"column":12}},{"start":{"line":38,"column":11},"end":{"line":40,"column":12}}]},"2":{"loc":{"start":{"line":45,"column":11},"end":{"line":47,"column":12}},"type":"if","locations":[{"start":{"line":45,"column":11},"end":{"line":47,"column":12}},{"start":{"line":45,"column":11},"end":{"line":47,"column":12}}]},"3":{"loc":{"start":{"line":45,"column":14},"end":{"line":45,"column":13}},"type":"binary-expr","locations":[{"start":{"line":45,"column":14},"end":{"line":45,"column":13}},{"start":{"line":45,"column":47},"end":{"line":45,"column":11}}]},"4":{"loc":{"start":{"line":57,"column":11},"end":{"line":57,"column":24}},"type":"if","locations":[{"start":{"line":57,"column":11},"end":{"line":57,"column":24}},{"start":{"line":57,"column":11},"end":{"line":57,"column":24}}]},"5":{"loc":{"start":{"line":58,"column":11},"end":{"line":58,"column":24}},"type":"if","locations":[{"start":{"line":58,"column":11},"end":{"line":58,"column":24}},{"start":{"line":58,"column":11},"end":{"line":58,"column":24}}]},"6":{"loc":{"start":{"line":59,"column":11},"end":{"line":59,"column":84}},"type":"if","locations":[{"start":{"line":59,"column":11},"end":{"line":59,"column":84}},{"start":{"line":59,"column":11},"end":{"line":59,"column":84}}]},"7":{"loc":{"start":{"line":59,"column":15},"end":{"line":59,"column":14}},"type":"binary-expr","locations":[{"start":{"line":59,"column":15},"end":{"line":59,"column":14}},{"start":{"line":59,"column":28},"end":{"line":59,"column":14}},{"start":{"line":59,"column":57},"end":{"line":59,"column":14}},{"start":{"line":59,"column":66},"end":{"line":59,"column":11}}]},"8":{"loc":{"start":{"line":63,"column":11},"end":{"line":63,"column":52}},"type":"if","locations":[{"start":{"line":63,"column":11},"end":{"line":63,"column":52}},{"start":{"line":63,"column":11},"end":{"line":63,"column":52}}]},"9":{"loc":{"start":{"line":63,"column":14},"end":{"line":63,"column":13}},"type":"binary-expr","locations":[{"start":{"line":63,"column":14},"end":{"line":63,"column":13}},{"start":{"line":63,"column":26},"end":{"line":63,"column":11}}]},"10":{"loc":{"start":{"line":70,"column":12},"end":{"line":69,"column":24}},"type":"cond-expr","locations":[{"start":{"line":70,"column":12},"end":{"line":69,"column":24}},{"start":{"line":71,"column":12},"end":{"line":69,"column":11}}]},"11":{"loc":{"start":{"line":69,"column":24},"end":{"line":69,"column":30}},"type":"binary-expr","locations":[{"start":{"line":69,"column":24},"end":{"line":69,"column":30}},{"start":{"line":69,"column":34},"end":{"line":69,"column":24}}]}},"s":{"0":0,"1":0,"2":0,"3":0,"4":0,"5":0,"6":0,"7":0,"8":0,"9":0,"10":0,"11":0,"12":0,"13":0,"14":0,"15":0,"16":0,"17":0,"18":0,"19":0,"20":0,"21":0,"22":0,"23":0,"24":0,"25":0,"26":0,"27":0,"28":0,"29":0,"30":0,"31":0,"32":0,"33":0,"34":0,"35":0,"36":0,"37":0,"38":0,"39":0,"40":0,"41":0,"42":0,"43":0,"44":0,"45":0,"46":0,"47":0,"48":0,"49":0,"50":0,"51":0,"52":0,"53":0,"54":0,"55":0,"56":0,"57":0,"58":0,"59":0,"60":0,"61":0,"62":0,"63":0,"64":0,"65":0,"66":0,"67":0,"68":0,"69":0,"70":0,"71":0,"72":0,"73":0,"74":0,"75":0,"76":0,"77":0,"78":0,"79":0,"80":0,"81":0,"82":0,"83":0,"84":0,"85":0,"86":0,"87":0,"88":0,"89":0,"90":0,"91":0,"92":0,"93":0,"94":0,"95":0,"96":0,"97":0,"98":0,"99":0,"100":0,"101":0,"102":0,"103":0,"104":0,"105":0,"106":0,"107":0,"108":0,"109":0,"110":0,"111":0},"f":{"0":0,"1":0,"2":0,"3":0,"4":0,"5":0,"6":0,"7":0,"8":0,"9":0,"10":0,"11":0,"12":0,"13":0,"14":0,"15":0,"16":0,"17":0,"18":0,"19":0,"20":0,"21":0,"22":0,"23":0,"24":0,"25":0,"26":0,"27":0,"28":0,"29":0,"30":0,"31":0,"32":0,"33":0,"34":0,"35":0,"36":0,"37":0,"38":0,"39":0,"40":0,"41":0,"42":0,"43":0,"44":0,"45":0,"46":0,"47":0,"48":0,"49":0,"50":0,"51":0,"52":0,"53":0,"54":0,"55":0,"56":0,"57":0,"58":0,"59":0,"60":0,"61":0,"62":0,"63":0,"64":0,"65":0,"66":0,"67":0,"68":0,"69":0,"70":0,"71":0,"72":0,"73":0,"74":0,"75":0,"76":0,"77":0,"78":0,"79":0},"b":{"0":[0,0],"1":[0,0],"2":[0,0],"3":[0,0],"4":[0,0],"5":[0,0],"6":[0,0],"7":[0,0,0,0],"8":[0,0],"9":[0,0],"10":[0,0],"11":[0,0]}}
,"/Users/katiemcculloch/hrla24/FEC/src/components/App.jsx": {"path":"/Users/katiemcculloch/hrla24/FEC/src/components/App.jsx","statementMap":{"0":{"start":{"line":12,"column":4},"end":{"line":12,"column":17}},"1":{"start":{"line":13,"column":4},"end":{"line":15,"column":6}},"2":{"start":{"line":16,"column":4},"end":{"line":16,"column":63}},"3":{"start":{"line":19,"column":4},"end":{"line":19,"column":29}},"4":{"start":{"line":23,"column":17},"end":{"line":23,"column":48}},"5":{"start":{"line":24,"column":4},"end":{"line":35,"column":9}},"6":{"start":{"line":27,"column":8},"end":{"line":27,"column":28}},"7":{"start":{"line":28,"column":8},"end":{"line":30,"column":11}},"8":{"start":{"line":31,"column":8},"end":{"line":31,"column":54}},"9":{"start":{"line":34,"column":8},"end":{"line":34,"column":63}},"10":{"start":{"line":39,"column":4},"end":{"line":53,"column":5}},"11":{"start":{"line":40,"column":6},"end":{"line":50,"column":8}},"12":{"start":{"line":52,"column":6},"end":{"line":52,"column":26}}},"fnMap":{"0":{"name":"(anonymous_0)","decl":{"start":{"line":11,"column":2},"end":{"line":11,"column":3}},"loc":{"start":{"line":11,"column":21},"end":{"line":17,"column":3}},"line":11},"1":{"name":"(anonymous_1)","decl":{"start":{"line":18,"column":2},"end":{"line":18,"column":3}},"loc":{"start":{"line":18,"column":22},"end":{"line":20,"column":3}},"line":18},"2":{"name":"(anonymous_2)","decl":{"start":{"line":22,"column":2},"end":{"line":22,"column":3}},"loc":{"start":{"line":22,"column":22},"end":{"line":36,"column":3}},"line":22},"3":{"name":"(anonymous_3)","decl":{"start":{"line":26,"column":12},"end":{"line":26,"column":13}},"loc":{"start":{"line":26,"column":19},"end":{"line":32,"column":7}},"line":26},"4":{"name":"(anonymous_4)","decl":{"start":{"line":33,"column":13},"end":{"line":33,"column":14}},"loc":{"start":{"line":33,"column":20},"end":{"line":35,"column":7}},"line":33},"5":{"name":"(anonymous_5)","decl":{"start":{"line":38,"column":2},"end":{"line":38,"column":3}},"loc":{"start":{"line":38,"column":11},"end":{"line":54,"column":3}},"line":38}},"branchMap":{"0":{"loc":{"start":{"line":39,"column":4},"end":{"line":53,"column":5}},"type":"if","locations":[{"start":{"line":39,"column":4},"end":{"line":53,"column":5}},{"start":{"line":39,"column":4},"end":{"line":53,"column":5}}],"line":39}},"s":{"0":2,"1":2,"2":2,"3":2,"4":2,"5":2,"6":0,"7":0,"8":0,"9":0,"10":2,"11":0,"12":2},"f":{"0":2,"1":2,"2":2,"3":0,"4":0,"5":2},"b":{"0":[0,2]},"_coverageSchema":"332fd63041d2c1bcb487cc26dd0d5f7d97098a6c","hash":"5fb3d42e20f4d3934d0c7f0658378df55f820fd4"}
,"/Users/katiemcculloch/hrla24/FEC/src/components/BottomTextArea.jsx": {"path":"/Users/katiemcculloch/hrla24/FEC/src/components/BottomTextArea.jsx","statementMap":{"0":{"start":{"line":4,"column":23},"end":{"line":49,"column":1}},"1":{"start":{"line":5,"column":2},"end":{"line":48,"column":4}},"2":{"start":{"line":28,"column":14},"end":{"line":28,"column":70}}},"fnMap":{"0":{"name":"(anonymous_0)","decl":{"start":{"line":4,"column":23},"end":{"line":4,"column":24}},"loc":{"start":{"line":4,"column":32},"end":{"line":49,"column":1}},"line":4},"1":{"name":"(anonymous_1)","decl":{"start":{"line":27,"column":40},"end":{"line":27,"column":41}},"loc":{"start":{"line":27,"column":56},"end":{"line":29,"column":13}},"line":27}},"branchMap":{},"s":{"0":1,"1":0,"2":0},"f":{"0":0,"1":0},"b":{},"_coverageSchema":"332fd63041d2c1bcb487cc26dd0d5f7d97098a6c","hash":"6fe80fcef5a9b646923d1a91358f3c4761dbae18"}
,"/Users/katiemcculloch/hrla24/FEC/src/components/Heading.jsx": {"path":"/Users/katiemcculloch/hrla24/FEC/src/components/Heading.jsx","statementMap":{"0":{"start":{"line":4,"column":16},"end":{"line":68,"column":1}},"1":{"start":{"line":5,"column":2},"end":{"line":67,"column":4}}},"fnMap":{"0":{"name":"(anonymous_0)","decl":{"start":{"line":4,"column":16},"end":{"line":4,"column":17}},"loc":{"start":{"line":4,"column":25},"end":{"line":68,"column":1}},"line":4}},"branchMap":{},"s":{"0":1,"1":0},"f":{"0":0},"b":{},"_coverageSchema":"332fd63041d2c1bcb487cc26dd0d5f7d97098a6c","hash":"48abc333536add6685b1547a9457aadec69560eb"}
,"/Users/katiemcculloch/hrla24/FEC/src/components/HowToWatch.jsx": {"path":"/Users/katiemcculloch/hrla24/FEC/src/components/HowToWatch.jsx","statementMap":{"0":{"start":{"line":4,"column":19},"end":{"line":12,"column":1}},"1":{"start":{"line":5,"column":2},"end":{"line":11,"column":4}}},"fnMap":{"0":{"name":"(anonymous_0)","decl":{"start":{"line":4,"column":19},"end":{"line":4,"column":20}},"loc":{"start":{"line":4,"column":28},"end":{"line":12,"column":1}},"line":4}},"branchMap":{},"s":{"0":1,"1":0},"f":{"0":0},"b":{},"_coverageSchema":"332fd63041d2c1bcb487cc26dd0d5f7d97098a6c","hash":"e94c48beeed45057709cf067b73f0d729996aee5"}
,"/Users/katiemcculloch/hrla24/FEC/src/components/MovieImages.jsx": {"path":"/Users/katiemcculloch/hrla24/FEC/src/components/MovieImages.jsx","statementMap":{"0":{"start":{"line":4,"column":20},"end":{"line":16,"column":1}},"1":{"start":{"line":5,"column":2},"end":{"line":15,"column":4}}},"fnMap":{"0":{"name":"(anonymous_0)","decl":{"start":{"line":4,"column":20},"end":{"line":4,"column":21}},"loc":{"start":{"line":4,"column":29},"end":{"line":16,"column":1}},"line":4}},"branchMap":{},"s":{"0":1,"1":0},"f":{"0":0},"b":{},"_coverageSchema":"332fd63041d2c1bcb487cc26dd0d5f7d97098a6c","hash":"325b2d5a58ee7918e8f1a8e4d3d0f4c1cd43693c"}
,"/Users/katiemcculloch/hrla24/FEC/src/components/TopHyperlinkBar.jsx": {"path":"/Users/katiemcculloch/hrla24/FEC/src/components/TopHyperlinkBar.jsx","statementMap":{"0":{"start":{"line":4,"column":24},"end":{"line":40,"column":1}},"1":{"start":{"line":5,"column":2},"end":{"line":39,"column":4}}},"fnMap":{"0":{"name":"(anonymous_0)","decl":{"start":{"line":4,"column":24},"end":{"line":4,"column":25}},"loc":{"start":{"line":4,"column":33},"end":{"line":40,"column":1}},"line":4}},"branchMap":{},"s":{"0":1,"1":0},"f":{"0":0},"b":{},"_coverageSchema":"332fd63041d2c1bcb487cc26dd0d5f7d97098a6c","hash":"7b49514bf39cccc15074c93948c9f439e0d208b4"}
}
