TN:
SF:/Users/katiemcculloch/hrla24/FEC/dist/bundle.js
FN:1,(anonymous_3)
FN:6,__webpack_require__
FN:37,(anonymous_5)
FN:44,(anonymous_6)
FN:56,(anonymous_7)
FN:63,(anonymous_8)
FN:68,(anonymous_9)
FN:70,getDefault
FN:71,getModuleExports
FN:77,(anonymous_12)
FN:94,node_modulesAxiosIndexJs
FN:105,node_modulesAxiosLibAdaptersXhrJs
FN:117,node_modulesAxiosLibAxiosJs
FN:129,node_modulesAxiosLibCancelCancelJs
FN:141,node_modulesAxiosLibCancelCancelTokenJs
FN:153,node_modulesAxiosLibCancelIsCancelJs
FN:165,node_modulesAxiosLibCoreAxiosJs
FN:177,node_modulesAxiosLibCoreInterceptorManagerJs
FN:189,node_modulesAxiosLibCoreCreateErrorJs
FN:201,node_modulesAxiosLibCoreDispatchRequestJs
FN:213,node_modulesAxiosLibCoreEnhanceErrorJs
FN:225,node_modulesAxiosLibCoreSettleJs
FN:237,node_modulesAxiosLibCoreTransformDataJs
FN:249,node_modulesAxiosLibDefaultsJs
FN:261,node_modulesAxiosLibHelpersBindJs
FN:273,node_modulesAxiosLibHelpersBtoaJs
FN:285,node_modulesAxiosLibHelpersBuildURLJs
FN:297,node_modulesAxiosLibHelpersCombineURLsJs
FN:309,node_modulesAxiosLibHelpersCookiesJs
FN:321,node_modulesAxiosLibHelpersIsAbsoluteURLJs
FN:333,node_modulesAxiosLibHelpersIsURLSameOriginJs
FN:345,node_modulesAxiosLibHelpersNormalizeHeaderNameJs
FN:357,node_modulesAxiosLibHelpersParseHeadersJs
FN:369,node_modulesAxiosLibHelpersSpreadJs
FN:381,node_modulesAxiosLibUtilsJs
FN:393,node_modulesCssLoaderIndexJsModulesImportLoaders1LocalIdentNameName__Local___HashBase645SrcStylesBottomTextAreaCss
FN:404,node_modulesCssLoaderIndexJsModulesImportLoaders1LocalIdentNameName__Local___HashBase645SrcStylesHeadingCss
FN:415,node_modulesCssLoaderIndexJsModulesImportLoaders1LocalIdentNameName__Local___HashBase645SrcStylesHowToWatchCss
FN:426,node_modulesCssLoaderIndexJsModulesImportLoaders1LocalIdentNameName__Local___HashBase645SrcStylesMovieImagesCss
FN:437,node_modulesCssLoaderIndexJsModulesImportLoaders1LocalIdentNameName__Local___HashBase645SrcStylesStylesCss
FN:448,node_modulesCssLoaderIndexJsModulesImportLoaders1LocalIdentNameName__Local___HashBase645SrcStylesTopHyperlinkBarCss
FN:459,node_modulesCssLoaderLibCssBaseJs
FN:470,node_modulesFbjsLibExecutionEnvironmentJs
FN:482,node_modulesFbjsLibCamelizeJs
FN:494,node_modulesFbjsLibCamelizeStyleNameJs
FN:506,node_modulesFbjsLibContainsNodeJs
FN:518,node_modulesFbjsLibEmptyFunctionJs
FN:530,node_modulesFbjsLibEmptyObjectJs
FN:542,node_modulesFbjsLibGetActiveElementJs
FN:554,node_modulesFbjsLibHyphenateJs
FN:566,node_modulesFbjsLibHyphenateStyleNameJs
FN:578,node_modulesFbjsLibInvariantJs
FN:590,node_modulesFbjsLibIsNodeJs
FN:602,node_modulesFbjsLibIsTextNodeJs
FN:614,node_modulesFbjsLibShallowEqualJs
FN:626,node_modulesFbjsLibWarningJs
FN:638,node_modulesIsBufferIndexJs
FN:649,node_modulesObjectAssignIndexJs
FN:661,node_modulesProcessBrowserJs
FN:672,node_modulesPropTypesCheckPropTypesJs
FN:684,node_modulesPropTypesLibReactPropTypesSecretJs
FN:696,node_modulesReactDomCjsReactDomDevelopmentJs
FN:708,node_modulesReactDomIndexJs
FN:720,node_modulesReactCjsReactDevelopmentJs
FN:732,node_modulesReactIndexJs
FN:744,node_modulesStyleLoaderLibAddStylesJs
FN:755,node_modulesStyleLoaderLibUrlsJs
FN:766,srcComponentsAppJsx
FN:778,srcComponentsBottomTextAreaJsx
FN:790,srcComponentsHeadingJsx
FN:802,srcComponentsHowToWatchJsx
FN:814,srcComponentsMovieImagesJsx
FN:826,srcComponentsTopHyperlinkBarJsx
FN:838,srcIndexJsx
FN:850,srcStylesBottomTextAreaCss
FN:861,srcStylesHeadingCss
FN:872,srcStylesHowToWatchCss
FN:883,srcStylesMovieImagesCss
FN:894,srcStylesStylesCss
FN:905,srcStylesTopHyperlinkBarCss
FNF:80
FNH:0
FNDA:0,(anonymous_3)
FNDA:0,__webpack_require__
FNDA:0,(anonymous_5)
FNDA:0,(anonymous_6)
FNDA:0,(anonymous_7)
FNDA:0,(anonymous_8)
FNDA:0,(anonymous_9)
FNDA:0,getDefault
FNDA:0,getModuleExports
FNDA:0,(anonymous_12)
FNDA:0,node_modulesAxiosIndexJs
FNDA:0,node_modulesAxiosLibAdaptersXhrJs
FNDA:0,node_modulesAxiosLibAxiosJs
FNDA:0,node_modulesAxiosLibCancelCancelJs
FNDA:0,node_modulesAxiosLibCancelCancelTokenJs
FNDA:0,node_modulesAxiosLibCancelIsCancelJs
FNDA:0,node_modulesAxiosLibCoreAxiosJs
FNDA:0,node_modulesAxiosLibCoreInterceptorManagerJs
FNDA:0,node_modulesAxiosLibCoreCreateErrorJs
FNDA:0,node_modulesAxiosLibCoreDispatchRequestJs
FNDA:0,node_modulesAxiosLibCoreEnhanceErrorJs
FNDA:0,node_modulesAxiosLibCoreSettleJs
FNDA:0,node_modulesAxiosLibCoreTransformDataJs
FNDA:0,node_modulesAxiosLibDefaultsJs
FNDA:0,node_modulesAxiosLibHelpersBindJs
FNDA:0,node_modulesAxiosLibHelpersBtoaJs
FNDA:0,node_modulesAxiosLibHelpersBuildURLJs
FNDA:0,node_modulesAxiosLibHelpersCombineURLsJs
FNDA:0,node_modulesAxiosLibHelpersCookiesJs
FNDA:0,node_modulesAxiosLibHelpersIsAbsoluteURLJs
FNDA:0,node_modulesAxiosLibHelpersIsURLSameOriginJs
FNDA:0,node_modulesAxiosLibHelpersNormalizeHeaderNameJs
FNDA:0,node_modulesAxiosLibHelpersParseHeadersJs
FNDA:0,node_modulesAxiosLibHelpersSpreadJs
FNDA:0,node_modulesAxiosLibUtilsJs
FNDA:0,node_modulesCssLoaderIndexJsModulesImportLoaders1LocalIdentNameName__Local___HashBase645SrcStylesBottomTextAreaCss
FNDA:0,node_modulesCssLoaderIndexJsModulesImportLoaders1LocalIdentNameName__Local___HashBase645SrcStylesHeadingCss
FNDA:0,node_modulesCssLoaderIndexJsModulesImportLoaders1LocalIdentNameName__Local___HashBase645SrcStylesHowToWatchCss
FNDA:0,node_modulesCssLoaderIndexJsModulesImportLoaders1LocalIdentNameName__Local___HashBase645SrcStylesMovieImagesCss
FNDA:0,node_modulesCssLoaderIndexJsModulesImportLoaders1LocalIdentNameName__Local___HashBase645SrcStylesStylesCss
FNDA:0,node_modulesCssLoaderIndexJsModulesImportLoaders1LocalIdentNameName__Local___HashBase645SrcStylesTopHyperlinkBarCss
FNDA:0,node_modulesCssLoaderLibCssBaseJs
FNDA:0,node_modulesFbjsLibExecutionEnvironmentJs
FNDA:0,node_modulesFbjsLibCamelizeJs
FNDA:0,node_modulesFbjsLibCamelizeStyleNameJs
FNDA:0,node_modulesFbjsLibContainsNodeJs
FNDA:0,node_modulesFbjsLibEmptyFunctionJs
FNDA:0,node_modulesFbjsLibEmptyObjectJs
FNDA:0,node_modulesFbjsLibGetActiveElementJs
FNDA:0,node_modulesFbjsLibHyphenateJs
FNDA:0,node_modulesFbjsLibHyphenateStyleNameJs
FNDA:0,node_modulesFbjsLibInvariantJs
FNDA:0,node_modulesFbjsLibIsNodeJs
FNDA:0,node_modulesFbjsLibIsTextNodeJs
FNDA:0,node_modulesFbjsLibShallowEqualJs
FNDA:0,node_modulesFbjsLibWarningJs
FNDA:0,node_modulesIsBufferIndexJs
FNDA:0,node_modulesObjectAssignIndexJs
FNDA:0,node_modulesProcessBrowserJs
FNDA:0,node_modulesPropTypesCheckPropTypesJs
FNDA:0,node_modulesPropTypesLibReactPropTypesSecretJs
FNDA:0,node_modulesReactDomCjsReactDomDevelopmentJs
FNDA:0,node_modulesReactDomIndexJs
FNDA:0,node_modulesReactCjsReactDevelopmentJs
FNDA:0,node_modulesReactIndexJs
FNDA:0,node_modulesStyleLoaderLibAddStylesJs
FNDA:0,node_modulesStyleLoaderLibUrlsJs
FNDA:0,srcComponentsAppJsx
FNDA:0,srcComponentsBottomTextAreaJsx
FNDA:0,srcComponentsHeadingJsx
FNDA:0,srcComponentsHowToWatchJsx
FNDA:0,srcComponentsMovieImagesJsx
FNDA:0,srcComponentsTopHyperlinkBarJsx
FNDA:0,srcIndexJsx
FNDA:0,srcStylesBottomTextAreaCss
FNDA:0,srcStylesHeadingCss
FNDA:0,srcStylesHowToWatchCss
FNDA:0,srcStylesMovieImagesCss
FNDA:0,srcStylesStylesCss
FNDA:0,srcStylesTopHyperlinkBarCss
DA:1,0
DA:3,0
DA:9,0
DA:10,0
DA:13,0
DA:20,0
DA:23,0
DA:26,0
DA:31,0
DA:34,0
DA:37,0
DA:38,0
DA:39,0
DA:44,0
DA:45,0
DA:46,0
DA:48,0
DA:56,0
DA:57,0
DA:58,0
DA:59,0
DA:60,0
DA:61,0
DA:62,0
DA:63,0
DA:64,0
DA:68,0
DA:69,0
DA:70,0
DA:71,0
DA:72,0
DA:73,0
DA:77,0
DA:80,0
DA:84,0
DA:96,0
DA:108,0
DA:120,0
DA:132,0
DA:144,0
DA:156,0
DA:168,0
DA:180,0
DA:192,0
DA:204,0
DA:216,0
DA:228,0
DA:240,0
DA:252,0
DA:264,0
DA:276,0
DA:288,0
DA:300,0
DA:312,0
DA:324,0
DA:336,0
DA:348,0
DA:360,0
DA:372,0
DA:384,0
DA:395,0
DA:406,0
DA:417,0
DA:428,0
DA:439,0
DA:450,0
DA:461,0
DA:473,0
DA:485,0
DA:497,0
DA:509,0
DA:521,0
DA:533,0
DA:545,0
DA:557,0
DA:569,0
DA:581,0
DA:593,0
DA:605,0
DA:617,0
DA:629,0
DA:640,0
DA:652,0
DA:663,0
DA:675,0
DA:687,0
DA:699,0
DA:711,0
DA:723,0
DA:735,0
DA:746,0
DA:757,0
DA:769,0
DA:781,0
DA:793,0
DA:805,0
DA:817,0
DA:829,0
DA:841,0
DA:852,0
DA:863,0
DA:874,0
DA:885,0
DA:896,0
DA:907,0
LF:105
LH:0
BRDA:9,0,0,0
BRDA:9,0,1,0
BRDA:38,1,0,0
BRDA:38,1,1,0
BRDA:45,2,0,0
BRDA:45,2,1,0
BRDA:45,3,0,0
BRDA:45,3,1,0
BRDA:57,4,0,0
BRDA:57,4,1,0
BRDA:58,5,0,0
BRDA:58,5,1,0
BRDA:59,6,0,0
BRDA:59,6,1,0
BRDA:59,7,0,0
BRDA:59,7,1,0
BRDA:59,7,2,0
BRDA:59,7,3,0
BRDA:63,8,0,0
BRDA:63,8,1,0
BRDA:63,9,0,0
BRDA:63,9,1,0
BRDA:70,10,0,0
BRDA:70,10,1,0
BRDA:69,11,0,0
BRDA:69,11,1,0
BRF:26
BRH:0
end_of_record
TN:
SF:/Users/katiemcculloch/hrla24/FEC/src/components/App.jsx
FN:11,(anonymous_0)
FN:18,(anonymous_1)
FN:22,(anonymous_2)
FN:26,(anonymous_3)
FN:33,(anonymous_4)
FN:38,(anonymous_5)
FNF:6
FNH:4
FNDA:2,(anonymous_0)
FNDA:2,(anonymous_1)
FNDA:2,(anonymous_2)
FNDA:0,(anonymous_3)
FNDA:0,(anonymous_4)
FNDA:2,(anonymous_5)
DA:12,2
DA:13,2
DA:16,2
DA:19,2
DA:23,2
DA:24,2
DA:27,0
DA:28,0
DA:31,0
DA:34,0
DA:39,2
DA:40,0
DA:52,2
LF:13
LH:8
BRDA:39,0,0,0
BRDA:39,0,1,2
BRF:2
BRH:1
end_of_record
TN:
SF:/Users/katiemcculloch/hrla24/FEC/src/components/BottomTextArea.jsx
FN:4,(anonymous_0)
FN:27,(anonymous_1)
FNF:2
FNH:0
FNDA:0,(anonymous_0)
FNDA:0,(anonymous_1)
DA:4,1
DA:5,0
DA:28,0
LF:3
LH:1
BRF:0
BRH:0
end_of_record
TN:
SF:/Users/katiemcculloch/hrla24/FEC/src/components/Heading.jsx
FN:4,(anonymous_0)
FNF:1
FNH:0
FNDA:0,(anonymous_0)
DA:4,1
DA:5,0
LF:2
LH:1
BRF:0
BRH:0
end_of_record
TN:
SF:/Users/katiemcculloch/hrla24/FEC/src/components/HowToWatch.jsx
FN:4,(anonymous_0)
FNF:1
FNH:0
FNDA:0,(anonymous_0)
DA:4,1
DA:5,0
LF:2
LH:1
BRF:0
BRH:0
end_of_record
TN:
SF:/Users/katiemcculloch/hrla24/FEC/src/components/MovieImages.jsx
FN:4,(anonymous_0)
FNF:1
FNH:0
FNDA:0,(anonymous_0)
DA:4,1
DA:5,0
LF:2
LH:1
BRF:0
BRH:0
end_of_record
TN:
SF:/Users/katiemcculloch/hrla24/FEC/src/components/TopHyperlinkBar.jsx
FN:4,(anonymous_0)
FNF:1
FNH:0
FNDA:0,(anonymous_0)
DA:4,1
DA:5,0
LF:2
LH:1
BRF:0
BRH:0
end_of_record
